TN:
SF:D:\node-project\rocketseat\desafios\desafio4\vowfile.js
FN:16,(anonymous_0)
FN:17,(anonymous_1)
FN:40,(anonymous_2)
FNF:3
FNH:3
FNDA:1,(anonymous_0)
FNDA:1,(anonymous_1)
FNDA:1,(anonymous_2)
DA:16,1
DA:17,1
DA:27,1
DA:40,1
DA:49,1
LF:5
LH:5
BRF:0
BRH:0
end_of_record
TN:
SF:D:\node-project\rocketseat\desafios\desafio4\app\Middleware\ConvertEmptyStringsToNull.js
FN:4,(anonymous_0)
FN:7,(anonymous_1)
FNF:2
FNH:1
FNDA:1,(anonymous_0)
FNDA:0,(anonymous_1)
DA:5,1
DA:6,0
DA:7,0
DA:13,1
DA:17,1
LF:5
LH:3
BRDA:5,0,0,0
BRDA:5,0,1,1
BRDA:8,1,0,0
BRDA:8,1,1,0
BRF:4
BRH:1
end_of_record
TN:
SF:D:\node-project\rocketseat\desafios\desafio4\config\app.js
FNF:0
FNH:0
DA:4,1
DA:6,1
LF:2
LH:2
BRF:0
BRH:0
end_of_record
TN:
SF:D:\node-project\rocketseat\desafios\desafio4\config\auth.js
FNF:0
FNH:0
DA:4,1
DA:6,1
LF:2
LH:2
BRF:0
BRH:0
end_of_record
TN:
SF:D:\node-project\rocketseat\desafios\desafio4\config\bodyParser.js
FNF:0
FNH:0
DA:3,1
LF:1
LH:1
BRF:0
BRH:0
end_of_record
TN:
SF:D:\node-project\rocketseat\desafios\desafio4\config\cors.js
FNF:0
FNH:0
DA:3,1
LF:1
LH:1
BRF:0
BRH:0
end_of_record
TN:
SF:D:\node-project\rocketseat\desafios\desafio4\config\database.js
FNF:0
FNH:0
DA:4,1
DA:7,1
DA:9,1
LF:3
LH:3
BRF:0
BRH:0
end_of_record
TN:
SF:D:\node-project\rocketseat\desafios\desafio4\config\hash.js
FNF:0
FNH:0
DA:4,1
DA:6,1
LF:2
LH:2
BRF:0
BRH:0
end_of_record
TN:
SF:D:\node-project\rocketseat\desafios\desafio4\database\factory.js
FNF:0
FNH:0
LF:0
LH:0
BRF:0
BRH:0
end_of_record
TN:
SF:D:\node-project\rocketseat\desafios\desafio4\start\app.js
FNF:0
FNH:0
DA:13,1
DA:30,1
DA:48,1
DA:58,1
DA:60,1
LF:5
LH:5
BRF:0
BRH:0
end_of_record
TN:
SF:D:\node-project\rocketseat\desafios\desafio4\start\kernel.js
FNF:0
FNH:0
DA:4,1
DA:15,1
DA:37,1
DA:52,1
DA:57,1
LF:5
LH:5
BRF:0
BRH:0
end_of_record
TN:
SF:D:\node-project\rocketseat\desafios\desafio4\start\routes.js
FN:19,(anonymous_0)
FNF:1
FNH:1
FNDA:1,(anonymous_0)
DA:17,1
DA:19,1
DA:20,1
LF:3
LH:3
BRF:0
BRH:0
end_of_record
